{"total": {"lines":{"total":962,"covered":339,"skipped":0,"pct":35.23},"statements":{"total":1076,"covered":365,"skipped":0,"pct":33.92},"functions":{"total":116,"covered":38,"skipped":0,"pct":32.75},"branches":{"total":517,"covered":133,"skipped":0,"pct":25.72},"branchesTrue":{"total":0,"covered":0,"skipped":0,"pct":100}}
,"C:\\Users\\jaisukh\\my-projects\\pharma-mbr\\server\\db\\pool.js": {"lines":{"total":23,"covered":14,"skipped":0,"pct":60.86},"functions":{"total":4,"covered":2,"skipped":0,"pct":50},"statements":{"total":25,"covered":14,"skipped":0,"pct":56},"branches":{"total":2,"covered":1,"skipped":0,"pct":50}}
,"C:\\Users\\jaisukh\\my-projects\\pharma-mbr\\server\\middleware\\middleware.js": {"lines":{"total":48,"covered":46,"skipped":0,"pct":95.83},"functions":{"total":11,"covered":11,"skipped":0,"pct":100},"statements":{"total":56,"covered":51,"skipped":0,"pct":91.07},"branches":{"total":39,"covered":30,"skipped":0,"pct":76.92}}
,"C:\\Users\\jaisukh\\my-projects\\pharma-mbr\\server\\routes\\authRoutes.js": {"lines":{"total":42,"covered":33,"skipped":0,"pct":78.57},"functions":{"total":5,"covered":4,"skipped":0,"pct":80},"statements":{"total":49,"covered":37,"skipped":0,"pct":75.51},"branches":{"total":19,"covered":16,"skipped":0,"pct":84.21}}
,"C:\\Users\\jaisukh\\my-projects\\pharma-mbr\\server\\routes\\coDesignerRoutes.js": {"lines":{"total":149,"covered":68,"skipped":0,"pct":45.63},"functions":{"total":13,"covered":5,"skipped":0,"pct":38.46},"statements":{"total":161,"covered":73,"skipped":0,"pct":45.34},"branches":{"total":49,"covered":25,"skipped":0,"pct":51.02}}
,"C:\\Users\\jaisukh\\my-projects\\pharma-mbr\\server\\routes\\mbrRoutes.js": {"lines":{"total":373,"covered":159,"skipped":0,"pct":42.62},"functions":{"total":51,"covered":15,"skipped":0,"pct":29.41},"statements":{"total":426,"covered":171,"skipped":0,"pct":40.14},"branches":{"total":148,"covered":57,"skipped":0,"pct":38.51}}
,"C:\\Users\\jaisukh\\my-projects\\pharma-mbr\\server\\services\\coDesignerAgent.js": {"lines":{"total":147,"covered":15,"skipped":0,"pct":10.2},"functions":{"total":16,"covered":1,"skipped":0,"pct":6.25},"statements":{"total":160,"covered":15,"skipped":0,"pct":9.37},"branches":{"total":113,"covered":4,"skipped":0,"pct":3.53}}
,"C:\\Users\\jaisukh\\my-projects\\pharma-mbr\\server\\services\\formulaService.js": {"lines":{"total":33,"covered":2,"skipped":0,"pct":6.06},"functions":{"total":3,"covered":0,"skipped":0,"pct":0},"statements":{"total":34,"covered":2,"skipped":0,"pct":5.88},"branches":{"total":11,"covered":0,"skipped":0,"pct":0}}
,"C:\\Users\\jaisukh\\my-projects\\pharma-mbr\\server\\services\\xmlService.js": {"lines":{"total":147,"covered":2,"skipped":0,"pct":1.36},"functions":{"total":13,"covered":0,"skipped":0,"pct":0},"statements":{"total":165,"covered":2,"skipped":0,"pct":1.21},"branches":{"total":136,"covered":0,"skipped":0,"pct":0}}
}
