TN:
SF:db\pool.js
FN:12,(anonymous_0)
FN:14,query
FN:22,transaction
FN:37,initializeDatabase
FNF:4
FNH:2
FNDA:0,(anonymous_0)
FNDA:314,query
FNDA:0,transaction
FNDA:5,initializeDatabase
DA:2,5
DA:4,5
DA:12,5
DA:15,314
DA:16,314
DA:17,312
DA:18,312
DA:19,312
DA:23,0
DA:24,0
DA:25,0
DA:26,0
DA:27,0
DA:28,0
DA:30,0
DA:31,0
DA:33,0
DA:38,5
DA:39,5
DA:41,5
DA:42,5
DA:43,5
DA:46,5
LF:23
LH:14
BRDA:18,0,0,0
BRDA:18,0,1,312
BRF:2
BRH:1
end_of_record
TN:
SF:middleware\middleware.js
FN:13,logAudit
FN:24,auditMiddleware
FN:25,(anonymous_2)
FN:45,generateToken
FN:49,authenticate
FN:61,authorize
FN:62,(anonymous_6)
FN:64,(anonymous_7)
FN:69,login
FN:95,verifyPasswordForSignature
FN:101,registerUser
FNF:11
FNH:11
FNDA:39,logAudit
FNDA:129,auditMiddleware
FNDA:20,(anonymous_2)
FNDA:63,generateToken
FNDA:55,authenticate
FNDA:225,authorize
FNDA:44,(anonymous_6)
FNDA:44,(anonymous_7)
FNDA:18,login
FNDA:9,verifyPasswordForSignature
FNDA:1,registerUser
DA:5,5
DA:6,5
DA:7,5
DA:14,39
DA:15,39
DA:20,0
DA:25,129
DA:26,129
DA:33,5
DA:34,5
DA:35,5
DA:37,5
DA:46,63
DA:50,55
DA:51,55
DA:52,54
DA:53,54
DA:54,53
DA:55,53
DA:57,1
DA:62,225
DA:63,44
DA:64,44
DA:65,39
DA:70,18
DA:71,18
DA:72,17
DA:74,17
DA:75,1
DA:76,1
DA:78,16
DA:80,16
DA:81,16
DA:82,13
DA:83,13
DA:84,1
DA:85,1
DA:87,12
DA:88,12
DA:91,3
DA:92,3
DA:96,9
DA:97,9
DA:98,9
DA:102,1
DA:103,1
DA:104,0
DA:107,5
LF:48
LH:46
BRDA:13,0,0,38
BRDA:17,1,0,0
BRDA:17,1,1,39
BRDA:17,2,0,0
BRDA:17,2,1,39
BRDA:33,3,0,5
BRDA:33,3,1,0
BRDA:46,4,0,63
BRDA:46,4,1,0
BRDA:51,5,0,1
BRDA:51,5,1,54
BRDA:51,6,0,55
BRDA:51,6,1,54
BRDA:54,7,0,53
BRDA:54,7,1,0
BRDA:57,8,0,0
BRDA:57,8,1,1
BRDA:63,9,0,0
BRDA:63,9,1,44
BRDA:64,10,0,5
BRDA:64,10,1,39
BRDA:71,11,0,1
BRDA:71,11,1,17
BRDA:74,12,0,1
BRDA:74,12,1,16
BRDA:74,13,0,17
BRDA:74,13,1,1
BRDA:78,14,0,0
BRDA:78,14,1,16
BRDA:81,15,0,13
BRDA:81,15,1,3
BRDA:82,16,0,13
BRDA:82,16,1,5
BRDA:83,17,0,1
BRDA:83,17,1,12
BRDA:97,18,0,0
BRDA:97,18,1,9
BRDA:103,19,0,1
BRDA:103,19,1,1
BRF:39
BRH:30
end_of_record
TN:
SF:routes\authRoutes.js
FN:7,(anonymous_0)
FN:21,(anonymous_1)
FN:33,(anonymous_2)
FN:41,(anonymous_3)
FN:50,(anonymous_4)
FNF:5
FNH:4
FNDA:20,(anonymous_0)
FNDA:1,(anonymous_1)
FNDA:1,(anonymous_2)
FNDA:3,(anonymous_3)
FNDA:0,(anonymous_4)
DA:2,5
DA:3,5
DA:4,5
DA:5,5
DA:7,5
DA:8,20
DA:9,20
DA:10,20
DA:11,18
DA:12,18
DA:13,15
DA:14,15
DA:16,3
DA:17,3
DA:18,0
DA:21,5
DA:22,1
DA:23,1
DA:24,1
DA:25,1
DA:26,0
DA:28,1
DA:29,0
DA:33,5
DA:34,1
DA:35,1
DA:36,1
DA:37,1
DA:38,0
DA:41,5
DA:42,3
DA:43,3
DA:44,2
DA:45,2
DA:46,1
DA:47,0
DA:50,5
DA:51,0
DA:52,0
DA:53,0
DA:54,0
DA:57,5
LF:42
LH:33
BRDA:10,0,0,2
BRDA:10,0,1,18
BRDA:10,1,0,20
BRDA:10,1,1,19
BRDA:12,2,0,15
BRDA:12,2,1,3
BRDA:24,3,0,0
BRDA:24,3,1,1
BRDA:24,4,0,1
BRDA:24,4,1,1
BRDA:24,4,2,1
BRDA:28,5,0,1
BRDA:28,5,1,0
BRDA:36,6,0,0
BRDA:36,6,1,1
BRDA:43,7,0,1
BRDA:43,7,1,2
BRDA:45,8,0,1
BRDA:45,8,1,1
BRF:19
BRH:16
end_of_record
TN:
SF:routes\coDesignerRoutes.js
FN:20,(anonymous_0)
FN:25,(anonymous_1)
FN:32,(anonymous_2)
FN:52,(anonymous_3)
FN:83,(anonymous_4)
FN:162,(anonymous_5)
FN:182,(anonymous_6)
FN:193,(anonymous_7)
FN:204,(anonymous_8)
FN:220,(anonymous_9)
FN:232,(anonymous_10)
FN:275,(anonymous_11)
FN:307,(anonymous_12)
FNF:13
FNH:5
FNDA:0,(anonymous_0)
FNDA:0,(anonymous_1)
FNDA:1,(anonymous_2)
FNDA:6,(anonymous_3)
FNDA:0,(anonymous_4)
FNDA:0,(anonymous_5)
FNDA:0,(anonymous_6)
FNDA:0,(anonymous_7)
FNDA:0,(anonymous_8)
FNDA:2,(anonymous_9)
FNDA:3,(anonymous_10)
FNDA:0,(anonymous_11)
FNDA:1,(anonymous_12)
DA:3,5
DA:4,5
DA:5,5
DA:6,5
DA:7,5
DA:8,5
DA:9,5
DA:11,5
DA:13,5
DA:14,5
DA:15,5
DA:18,5
DA:20,0
DA:22,5
DA:26,0
DA:27,0
DA:32,5
DA:33,1
DA:34,1
DA:38,1
DA:39,0
DA:40,0
DA:47,0
DA:48,0
DA:52,5
DA:53,6
DA:54,6
DA:55,6
DA:58,5
DA:59,3
DA:60,2
DA:61,2
DA:62,1
DA:63,1
DA:67,3
DA:69,3
DA:70,2
DA:71,2
DA:73,1
DA:74,1
DA:77,3
DA:78,3
DA:79,0
DA:83,5
DA:84,0
DA:85,0
DA:90,0
DA:92,0
DA:93,0
DA:94,0
DA:95,0
DA:96,0
DA:97,0
DA:99,0
DA:100,0
DA:101,0
DA:102,0
DA:103,0
DA:104,0
DA:106,0
DA:110,0
DA:114,0
DA:115,0
DA:117,0
DA:120,0
DA:125,0
DA:131,0
DA:133,0
DA:134,0
DA:136,0
DA:137,0
DA:138,0
DA:141,0
DA:142,0
DA:144,0
DA:147,0
DA:148,0
DA:149,0
DA:151,0
DA:153,0
DA:155,0
DA:162,0
DA:169,0
DA:182,0
DA:183,0
DA:187,0
DA:188,0
DA:193,5
DA:194,0
DA:195,0
DA:199,0
DA:202,0
DA:203,0
DA:204,0
DA:205,0
DA:207,0
DA:208,0
DA:209,0
DA:211,0
DA:216,0
DA:220,5
DA:221,2
DA:222,2
DA:223,2
DA:224,2
DA:225,2
DA:226,2
DA:227,2
DA:228,0
DA:232,5
DA:233,3
DA:234,3
DA:235,3
DA:236,1
DA:239,2
DA:244,2
DA:246,2
DA:247,2
DA:250,2
DA:251,1
DA:252,1
DA:253,1
DA:255,0
DA:257,0
DA:262,2
DA:266,2
DA:267,1
DA:270,2
DA:271,0
DA:275,5
DA:276,0
DA:277,0
DA:282,0
DA:283,0
DA:284,0
DA:285,0
DA:286,0
DA:290,0
DA:291,0
DA:293,0
DA:297,0
DA:302,0
DA:303,0
DA:307,5
DA:308,1
DA:309,1
DA:319,1
DA:320,0
DA:323,5
LF:149
LH:68
BRDA:26,0,0,0
BRDA:26,0,1,0
BRDA:38,1,0,1
BRDA:38,1,1,0
BRDA:55,2,0,1
BRDA:55,2,1,5
BRDA:58,3,0,3
BRDA:58,3,1,2
BRDA:59,4,0,1
BRDA:59,4,1,2
BRDA:61,5,0,1
BRDA:61,5,1,1
BRDA:69,6,0,2
BRDA:69,6,1,1
BRDA:90,7,0,0
BRDA:90,7,1,0
BRDA:97,8,0,0
BRDA:97,8,1,0
BRDA:102,9,0,0
BRDA:102,9,1,0
BRDA:114,10,0,0
BRDA:114,10,1,0
BRDA:114,11,0,0
BRDA:114,11,1,0
BRDA:151,12,0,0
BRDA:151,12,1,0
BRDA:151,13,0,0
BRDA:151,13,1,0
BRDA:151,13,2,0
BRDA:199,14,0,0
BRDA:199,14,1,0
BRDA:205,15,0,0
BRDA:205,15,1,0
BRDA:224,16,0,1
BRDA:224,16,1,1
BRDA:235,17,0,1
BRDA:235,17,1,2
BRDA:242,18,0,0
BRDA:242,18,1,2
BRDA:244,19,0,0
BRDA:244,19,1,2
BRDA:246,20,0,1
BRDA:246,20,1,1
BRDA:250,21,0,1
BRDA:250,21,1,1
BRDA:250,22,0,2
BRDA:250,22,1,1
BRDA:266,23,0,1
BRDA:266,23,1,1
BRF:49
BRH:25
end_of_record
TN:
SF:routes\mbrRoutes.js
FN:22,(anonymous_0)
FN:27,(anonymous_1)
FN:46,(anonymous_2)
FN:65,(anonymous_3)
FN:67,(anonymous_4)
FN:67,(anonymous_5)
FN:69,(anonymous_6)
FN:70,(anonymous_7)
FN:71,(anonymous_8)
FN:72,(anonymous_9)
FN:80,(anonymous_10)
FN:96,(anonymous_11)
FN:112,(anonymous_12)
FN:123,(anonymous_13)
FN:133,(anonymous_14)
FN:143,(anonymous_15)
FN:156,(anonymous_16)
FN:171,(anonymous_17)
FN:180,(anonymous_18)
FN:189,(anonymous_19)
FN:199,(anonymous_20)
FN:208,(anonymous_21)
FN:217,(anonymous_22)
FN:226,(anonymous_23)
FN:236,(anonymous_24)
FN:246,(anonymous_25)
FN:261,(anonymous_26)
FN:269,(anonymous_27)
FN:278,(anonymous_28)
FN:294,(anonymous_29)
FN:307,(anonymous_30)
FN:322,(anonymous_31)
FN:331,(anonymous_32)
FN:334,(anonymous_33)
FN:359,(anonymous_34)
FN:373,(anonymous_35)
FN:395,(anonymous_36)
FN:418,(anonymous_37)
FN:439,(anonymous_38)
FN:463,(anonymous_39)
FN:490,(anonymous_40)
FN:497,(anonymous_41)
FN:511,(anonymous_42)
FN:545,(anonymous_43)
FN:552,(anonymous_44)
FN:566,(anonymous_45)
FN:579,(anonymous_46)
FN:588,(anonymous_47)
FN:601,deepCopyMBR
FN:622,copyPhaseChildren
FN:633,copyStepChildren
FNF:51
FNH:15
FNDA:0,(anonymous_0)
FNDA:3,(anonymous_1)
FNDA:1,(anonymous_2)
FNDA:0,(anonymous_3)
FNDA:0,(anonymous_4)
FNDA:0,(anonymous_5)
FNDA:0,(anonymous_6)
FNDA:0,(anonymous_7)
FNDA:0,(anonymous_8)
FNDA:0,(anonymous_9)
FNDA:5,(anonymous_10)
FNDA:3,(anonymous_11)
FNDA:3,(anonymous_12)
FNDA:1,(anonymous_13)
FNDA:0,(anonymous_14)
FNDA:1,(anonymous_15)
FNDA:1,(anonymous_16)
FNDA:0,(anonymous_17)
FNDA:1,(anonymous_18)
FNDA:1,(anonymous_19)
FNDA:1,(anonymous_20)
FNDA:0,(anonymous_21)
FNDA:0,(anonymous_22)
FNDA:0,(anonymous_23)
FNDA:0,(anonymous_24)
FNDA:0,(anonymous_25)
FNDA:0,(anonymous_26)
FNDA:0,(anonymous_27)
FNDA:6,(anonymous_28)
FNDA:10,(anonymous_29)
FNDA:2,(anonymous_30)
FNDA:1,(anonymous_31)
FNDA:0,(anonymous_32)
FNDA:0,(anonymous_33)
FNDA:0,(anonymous_34)
FNDA:0,(anonymous_35)
FNDA:0,(anonymous_36)
FNDA:0,(anonymous_37)
FNDA:0,(anonymous_38)
FNDA:0,(anonymous_39)
FNDA:0,(anonymous_40)
FNDA:0,(anonymous_41)
FNDA:0,(anonymous_42)
FNDA:0,(anonymous_43)
FNDA:0,(anonymous_44)
FNDA:0,(anonymous_45)
FNDA:0,(anonymous_46)
FNDA:0,(anonymous_47)
FNDA:0,deepCopyMBR
FNDA:0,copyPhaseChildren
FNDA:0,copyStepChildren
DA:4,5
DA:5,5
DA:6,5
DA:7,5
DA:8,5
DA:9,5
DA:10,5
DA:11,5
DA:12,5
DA:13,5
DA:15,5
DA:16,5
DA:17,5
DA:20,5
DA:22,0
DA:24,5
DA:27,5
DA:28,3
DA:29,3
DA:30,3
DA:35,3
DA:36,3
DA:37,3
DA:38,3
DA:39,3
DA:40,3
DA:41,3
DA:42,0
DA:46,5
DA:47,1
DA:48,1
DA:49,1
DA:50,1
DA:51,1
DA:52,1
DA:53,1
DA:59,1
DA:65,1
DA:67,0
DA:69,0
DA:70,0
DA:71,0
DA:72,0
DA:75,1
DA:76,0
DA:80,5
DA:81,5
DA:82,5
DA:83,5
DA:84,4
DA:85,4
DA:90,4
DA:91,4
DA:92,0
DA:96,5
DA:97,3
DA:98,3
DA:99,3
DA:100,3
DA:101,2
DA:102,2
DA:106,2
DA:107,2
DA:108,0
DA:112,5
DA:113,3
DA:114,3
DA:115,3
DA:116,3
DA:118,3
DA:119,3
DA:120,0
DA:123,5
DA:124,1
DA:125,1
DA:126,1
DA:128,1
DA:129,1
DA:130,0
DA:133,5
DA:134,0
DA:135,0
DA:136,0
DA:137,0
DA:138,0
DA:139,0
DA:143,5
DA:144,1
DA:145,1
DA:146,1
DA:147,1
DA:148,1
DA:152,1
DA:153,0
DA:156,5
DA:157,1
DA:158,1
DA:159,1
DA:166,1
DA:167,1
DA:168,0
DA:171,5
DA:172,0
DA:173,0
DA:174,0
DA:175,0
DA:176,0
DA:180,5
DA:181,1
DA:182,1
DA:183,1
DA:185,1
DA:186,0
DA:189,5
DA:190,1
DA:191,1
DA:192,1
DA:194,1
DA:195,1
DA:196,0
DA:199,5
DA:200,1
DA:201,1
DA:202,1
DA:203,1
DA:204,0
DA:208,5
DA:209,0
DA:210,0
DA:211,0
DA:213,0
DA:214,0
DA:217,5
DA:218,0
DA:219,0
DA:220,0
DA:221,0
DA:222,0
DA:226,5
DA:227,0
DA:228,0
DA:229,0
DA:231,0
DA:232,0
DA:236,5
DA:237,0
DA:238,0
DA:239,0
DA:241,0
DA:242,0
DA:246,5
DA:247,0
DA:248,0
DA:249,0
DA:250,0
DA:251,0
DA:254,0
DA:255,0
DA:256,0
DA:257,0
DA:261,5
DA:262,0
DA:263,0
DA:264,0
DA:265,0
DA:266,0
DA:269,5
DA:270,0
DA:271,0
DA:272,0
DA:273,0
DA:274,0
DA:278,5
DA:279,6
DA:280,6
DA:281,6
DA:282,5
DA:283,5
DA:284,1
DA:285,1
DA:287,4
DA:288,4
DA:289,4
DA:290,4
DA:293,4
DA:294,10
DA:295,4
DA:296,4
DA:297,3
DA:298,2
DA:299,4
DA:300,3
DA:301,4
DA:302,4
DA:303,0
DA:307,5
DA:308,2
DA:309,2
DA:310,1
DA:311,1
DA:312,1
DA:313,1
DA:314,1
DA:315,1
DA:316,1
DA:317,1
DA:318,0
DA:322,5
DA:323,1
DA:324,1
DA:325,1
DA:326,1
DA:327,0
DA:331,5
DA:332,0
DA:333,0
DA:334,0
DA:335,0
DA:337,0
DA:338,0
DA:339,0
DA:343,0
DA:344,0
DA:345,0
DA:346,0
DA:359,5
DA:360,0
DA:361,0
DA:362,0
DA:363,0
DA:365,0
DA:367,0
DA:368,0
DA:369,0
DA:373,5
DA:374,0
DA:376,0
DA:377,0
DA:378,0
DA:379,0
DA:381,0
DA:384,0
DA:385,0
DA:386,0
DA:387,0
DA:395,5
DA:396,0
DA:397,0
DA:398,0
DA:399,0
DA:401,0
DA:402,0
DA:407,0
DA:410,0
DA:412,0
DA:413,0
DA:414,0
DA:418,5
DA:419,0
DA:420,0
DA:421,0
DA:422,0
DA:423,0
DA:425,0
DA:431,0
DA:433,0
DA:434,0
DA:435,0
DA:439,5
DA:440,0
DA:441,0
DA:442,0
DA:443,0
DA:444,0
DA:446,0
DA:453,0
DA:455,0
DA:456,0
DA:463,5
DA:464,0
DA:465,0
DA:466,0
DA:467,0
DA:468,0
DA:469,0
DA:472,0
DA:473,0
DA:474,0
DA:477,0
DA:482,0
DA:485,0
DA:486,0
DA:487,0
DA:490,5
DA:491,0
DA:492,0
DA:493,0
DA:494,0
DA:497,5
DA:498,0
DA:499,0
DA:500,0
DA:502,0
DA:503,0
DA:504,0
DA:511,5
DA:512,0
DA:513,0
DA:514,0
DA:516,0
DA:517,0
DA:520,0
DA:521,0
DA:528,0
DA:531,0
DA:536,0
DA:537,0
DA:538,0
DA:545,5
DA:546,0
DA:547,0
DA:548,0
DA:549,0
DA:552,5
DA:553,0
DA:554,0
DA:555,0
DA:557,0
DA:562,0
DA:563,0
DA:566,5
DA:567,0
DA:568,0
DA:569,0
DA:573,0
DA:574,0
DA:575,0
DA:579,5
DA:580,0
DA:581,0
DA:582,0
DA:583,0
DA:584,0
DA:588,5
DA:589,0
DA:590,0
DA:591,0
DA:592,0
DA:593,0
DA:594,0
DA:603,0
DA:604,0
DA:605,0
DA:609,0
DA:610,0
DA:611,0
DA:612,0
DA:615,0
DA:616,0
DA:617,0
DA:623,0
DA:624,0
DA:625,0
DA:629,0
DA:634,0
DA:635,0
DA:637,0
DA:638,0
DA:640,0
DA:641,0
DA:643,0
DA:644,0
DA:649,5
LF:373
LH:159
BRDA:29,0,0,2
BRDA:29,1,0,2
BRDA:36,2,0,0
BRDA:36,2,1,3
BRDA:37,3,0,1
BRDA:37,3,1,2
BRDA:50,4,0,0
BRDA:50,4,1,1
BRDA:83,5,0,1
BRDA:83,5,1,4
BRDA:88,6,0,4
BRDA:88,6,1,3
BRDA:88,7,0,4
BRDA:88,7,1,3
BRDA:88,8,0,4
BRDA:88,8,1,4
BRDA:99,9,0,0
BRDA:99,9,1,3
BRDA:100,10,0,1
BRDA:100,10,1,2
BRDA:117,11,0,3
BRDA:117,11,1,0
BRDA:128,12,0,0
BRDA:128,12,1,1
BRDA:136,13,0,0
BRDA:136,13,1,0
BRDA:150,14,0,1
BRDA:150,14,1,0
BRDA:150,15,0,1
BRDA:150,15,1,0
BRDA:150,16,0,1
BRDA:150,16,1,1
BRDA:150,17,0,1
BRDA:150,17,1,0
BRDA:162,18,0,0
BRDA:162,18,1,1
BRDA:162,19,0,0
BRDA:162,19,1,1
BRDA:163,20,0,0
BRDA:163,20,1,1
BRDA:163,21,0,0
BRDA:163,21,1,1
BRDA:164,22,0,0
BRDA:164,22,1,1
BRDA:164,23,0,0
BRDA:164,23,1,1
BRDA:166,24,0,0
BRDA:166,24,1,1
BRDA:174,25,0,0
BRDA:174,25,1,0
BRDA:184,26,0,1
BRDA:184,26,1,0
BRDA:184,27,0,1
BRDA:184,27,1,0
BRDA:184,28,0,1
BRDA:184,28,1,1
BRDA:194,29,0,0
BRDA:194,29,1,1
BRDA:202,30,0,0
BRDA:202,30,1,1
BRDA:212,31,0,0
BRDA:212,31,1,0
BRDA:212,32,0,0
BRDA:212,32,1,0
BRDA:212,33,0,0
BRDA:212,33,1,0
BRDA:220,34,0,0
BRDA:220,34,1,0
BRDA:230,35,0,0
BRDA:230,35,1,0
BRDA:240,36,0,0
BRDA:240,36,1,0
BRDA:281,37,0,1
BRDA:281,37,1,5
BRDA:283,38,0,1
BRDA:283,38,1,4
BRDA:288,39,0,0
BRDA:288,39,1,4
BRDA:296,40,0,1
BRDA:296,40,1,3
BRDA:296,41,0,4
BRDA:296,41,1,1
BRDA:297,42,0,1
BRDA:297,42,1,2
BRDA:298,43,0,1
BRDA:298,43,1,1
BRDA:299,44,0,3
BRDA:299,44,1,1
BRDA:309,45,0,1
BRDA:309,45,1,1
BRDA:311,46,0,0
BRDA:311,46,1,1
BRDA:324,47,0,1
BRDA:324,48,0,1
BRDA:335,49,0,0
BRDA:335,49,1,0
BRDA:337,50,0,0
BRDA:337,50,1,0
BRDA:363,51,0,0
BRDA:363,51,1,0
BRDA:376,52,0,0
BRDA:376,52,1,0
BRDA:378,53,0,0
BRDA:378,53,1,0
BRDA:398,54,0,0
BRDA:398,54,1,0
BRDA:421,55,0,0
BRDA:421,55,1,0
BRDA:442,56,0,0
BRDA:442,56,1,0
BRDA:466,57,0,0
BRDA:466,57,1,0
BRDA:473,58,0,0
BRDA:473,58,1,0
BRDA:500,59,0,0
BRDA:500,59,1,0
BRDA:502,60,0,0
BRDA:502,60,1,0
BRDA:502,61,0,0
BRDA:502,61,1,0
BRDA:514,62,0,0
BRDA:514,62,1,0
BRDA:517,63,0,0
BRDA:517,63,1,0
BRDA:520,64,0,0
BRDA:520,64,1,0
BRDA:524,65,0,0
BRDA:524,65,1,0
BRDA:555,66,0,0
BRDA:555,66,1,0
BRDA:555,67,0,0
BRDA:555,67,1,0
BRDA:560,68,0,0
BRDA:560,68,1,0
BRDA:560,69,0,0
BRDA:560,69,1,0
BRDA:571,70,0,0
BRDA:571,70,1,0
BRDA:573,71,0,0
BRDA:573,71,1,0
BRDA:581,72,0,0
BRDA:581,72,1,0
BRDA:582,73,0,0
BRDA:582,73,1,0
BRDA:591,74,0,0
BRDA:591,74,1,0
BRDA:592,75,0,0
BRDA:592,75,1,0
BRF:148
BRH:57
end_of_record
TN:
SF:services\coDesignerAgent.js
FN:15,parsePDF
FN:27,(anonymous_1)
FN:36,cleanText
FN:58,extractSections
FN:104,callLLM
FN:116,callAnthropic
FN:136,(anonymous_6)
FN:144,callXAI
FN:169,(anonymous_8)
FN:180,callGroq
FN:205,(anonymous_10)
FN:336,runPipeline
FN:427,(anonymous_12)
FN:428,(anonymous_13)
FN:449,createProposal
FN:468,applyProposal
FNF:16
FNH:1
FNDA:0,parsePDF
FNDA:0,(anonymous_1)
FNDA:0,cleanText
FNDA:0,extractSections
FNDA:0,callLLM
FNDA:0,callAnthropic
FNDA:0,(anonymous_6)
FNDA:0,callXAI
FNDA:0,(anonymous_8)
FNDA:0,callGroq
FNDA:0,(anonymous_10)
FNDA:0,runPipeline
FNDA:0,(anonymous_12)
FNDA:0,(anonymous_13)
FNDA:0,createProposal
FNDA:1,applyProposal
DA:6,5
DA:7,5
DA:8,5
DA:9,5
DA:17,0
DA:18,0
DA:19,0
DA:21,0
DA:27,0
DA:37,0
DA:60,0
DA:75,0
DA:76,0
DA:77,0
DA:79,0
DA:80,0
DA:81,0
DA:82,0
DA:83,0
DA:84,0
DA:85,0
DA:86,0
DA:87,0
DA:90,0
DA:91,0
DA:94,0
DA:96,0
DA:105,0
DA:107,0
DA:108,0
DA:110,0
DA:111,0
DA:113,0
DA:117,0
DA:118,0
DA:120,0
DA:135,0
DA:136,0
DA:137,0
DA:140,0
DA:141,0
DA:145,0
DA:146,0
DA:148,0
DA:149,0
DA:151,0
DA:168,0
DA:169,0
DA:170,0
DA:171,0
DA:172,0
DA:173,0
DA:176,0
DA:177,0
DA:181,0
DA:182,0
DA:184,0
DA:185,0
DA:187,0
DA:204,0
DA:205,0
DA:206,0
DA:207,0
DA:208,0
DA:209,0
DA:212,0
DA:213,0
DA:220,5
DA:337,0
DA:340,0
DA:342,0
DA:349,0
DA:350,0
DA:353,0
DA:354,0
DA:356,0
DA:357,0
DA:358,0
DA:362,0
DA:364,0
DA:366,0
DA:367,0
DA:369,0
DA:370,0
DA:371,0
DA:372,0
DA:376,0
DA:379,0
DA:380,0
DA:383,0
DA:384,0
DA:392,0
DA:396,0
DA:397,0
DA:403,0
DA:406,0
DA:407,0
DA:408,0
DA:409,0
DA:410,0
DA:412,0
DA:418,0
DA:423,0
DA:424,0
DA:427,0
DA:428,0
DA:429,0
DA:433,0
DA:435,0
DA:441,0
DA:443,0
DA:450,0
DA:469,1
DA:470,1
DA:471,1
DA:472,1
DA:474,1
DA:476,0
DA:480,0
DA:483,1
DA:484,1
DA:488,1
DA:493,0
DA:494,0
DA:495,0
DA:497,0
DA:498,0
DA:500,0
DA:504,0
DA:505,0
DA:509,0
DA:512,0
DA:513,0
DA:516,0
DA:517,0
DA:520,0
DA:521,0
DA:524,0
DA:525,0
DA:528,0
DA:531,0
DA:532,0
DA:533,0
DA:534,0
DA:540,0
DA:543,1
DA:551,5
LF:147
LH:15
BRDA:24,0,0,0
BRDA:24,0,1,0
BRDA:25,1,0,0
BRDA:25,1,1,0
BRDA:83,2,0,0
BRDA:83,2,1,0
BRDA:84,3,0,0
BRDA:84,3,1,0
BRDA:90,4,0,0
BRDA:90,4,1,0
BRDA:94,5,0,0
BRDA:94,5,1,0
BRDA:105,6,0,0
BRDA:105,6,1,0
BRDA:107,7,0,0
BRDA:107,7,1,0
BRDA:110,8,0,0
BRDA:110,8,1,0
BRDA:118,9,0,0
BRDA:118,9,1,0
BRDA:128,10,0,0
BRDA:128,10,1,0
BRDA:135,11,0,0
BRDA:135,11,1,0
BRDA:137,12,0,0
BRDA:137,12,1,0
BRDA:141,13,0,0
BRDA:141,13,1,0
BRDA:146,14,0,0
BRDA:146,14,1,0
BRDA:148,15,0,0
BRDA:148,15,1,0
BRDA:168,16,0,0
BRDA:168,16,1,0
BRDA:172,17,0,0
BRDA:172,17,1,0
BRDA:172,17,2,0
BRDA:177,18,0,0
BRDA:177,18,1,0
BRDA:182,19,0,0
BRDA:182,19,1,0
BRDA:184,20,0,0
BRDA:184,20,1,0
BRDA:204,21,0,0
BRDA:204,21,1,0
BRDA:208,22,0,0
BRDA:208,22,1,0
BRDA:213,23,0,0
BRDA:213,23,1,0
BRDA:383,24,0,0
BRDA:383,24,1,0
BRDA:396,25,0,0
BRDA:396,25,1,0
BRDA:401,26,0,0
BRDA:401,26,1,0
BRDA:402,27,0,0
BRDA:402,27,1,0
BRDA:406,28,0,0
BRDA:406,28,1,0
BRDA:407,29,0,0
BRDA:407,29,1,0
BRDA:408,30,0,0
BRDA:408,30,1,0
BRDA:409,31,0,0
BRDA:409,31,1,0
BRDA:410,32,0,0
BRDA:410,32,1,0
BRDA:415,33,0,0
BRDA:415,33,1,0
BRDA:423,34,0,0
BRDA:423,34,1,0
BRDA:423,35,0,0
BRDA:423,35,1,0
BRDA:470,36,0,0
BRDA:470,36,1,1
BRDA:472,37,0,0
BRDA:472,37,1,1
BRDA:474,38,0,0
BRDA:474,38,1,1
BRDA:474,38,2,0
BRDA:474,38,3,0
BRDA:486,39,0,1
BRDA:486,39,1,0
BRDA:494,40,0,0
BRDA:494,40,1,0
BRDA:507,41,0,0
BRDA:507,41,1,0
BRDA:507,42,0,0
BRDA:507,42,1,0
BRDA:507,43,0,0
BRDA:507,43,1,0
BRDA:512,44,0,0
BRDA:512,44,1,0
BRDA:514,45,0,0
BRDA:514,45,1,0
BRDA:514,46,0,0
BRDA:514,46,1,0
BRDA:516,47,0,0
BRDA:516,47,1,0
BRDA:518,48,0,0
BRDA:518,48,1,0
BRDA:518,49,0,0
BRDA:518,49,1,0
BRDA:520,50,0,0
BRDA:520,50,1,0
BRDA:522,51,0,0
BRDA:522,51,1,0
BRDA:524,52,0,0
BRDA:524,52,1,0
BRDA:531,53,0,0
BRDA:531,53,1,0
BRDA:533,54,0,0
BRDA:533,54,1,0
BRF:113
BRH:4
end_of_record
TN:
SF:services\formulaService.js
FN:14,evaluateFormula
FN:69,parseExcelFormula
FN:80,runTrial
FNF:3
FNH:0
FNDA:0,evaluateFormula
FNDA:0,parseExcelFormula
FNDA:0,runTrial
DA:4,5
DA:15,0
DA:17,0
DA:19,0
DA:20,0
DA:22,0
DA:23,0
DA:24,0
DA:26,0
DA:29,0
DA:41,0
DA:44,0
DA:45,0
DA:46,0
DA:47,0
DA:51,0
DA:52,0
DA:53,0
DA:55,0
DA:56,0
DA:59,0
DA:61,0
DA:70,0
DA:71,0
DA:72,0
DA:74,0
DA:81,0
DA:82,0
DA:84,0
DA:85,0
DA:88,0
DA:93,0
DA:96,5
LF:33
LH:2
BRDA:14,0,0,0
BRDA:46,1,0,0
BRDA:46,1,1,0
BRDA:55,2,0,0
BRDA:55,2,1,0
BRDA:55,3,0,0
BRDA:55,3,1,0
BRDA:55,3,2,0
BRDA:69,4,0,0
BRDA:82,5,0,0
BRDA:82,5,1,0
BRF:11
BRH:0
end_of_record
TN:
SF:services\xmlService.js
FN:6,exportMBRToXML
FN:70,(anonymous_1)
FN:78,(anonymous_2)
FN:93,(anonymous_3)
FN:107,(anonymous_4)
FN:121,(anonymous_5)
FN:172,importMBRFromXML
FN:174,(anonymous_7)
FN:175,(anonymous_8)
FN:176,(anonymous_9)
FN:176,(anonymous_10)
FN:194,(anonymous_11)
FN:249,esc
FNF:13
FNH:0
FNDA:0,exportMBRToXML
FNDA:0,(anonymous_1)
FNDA:0,(anonymous_2)
FNDA:0,(anonymous_3)
FNDA:0,(anonymous_4)
FNDA:0,(anonymous_5)
FNDA:0,importMBRFromXML
FNDA:0,(anonymous_7)
FNDA:0,(anonymous_8)
FNDA:0,(anonymous_9)
FNDA:0,(anonymous_10)
FNDA:0,(anonymous_11)
FNDA:0,esc
DA:3,5
DA:8,0
DA:9,0
DA:10,0
DA:12,0
DA:13,0
DA:14,0
DA:24,0
DA:25,0
DA:26,0
DA:27,0
DA:28,0
DA:29,0
DA:30,0
DA:31,0
DA:32,0
DA:33,0
DA:34,0
DA:35,0
DA:36,0
DA:37,0
DA:38,0
DA:39,0
DA:40,0
DA:41,0
DA:42,0
DA:45,0
DA:46,0
DA:47,0
DA:48,0
DA:49,0
DA:50,0
DA:51,0
DA:52,0
DA:53,0
DA:54,0
DA:55,0
DA:56,0
DA:57,0
DA:58,0
DA:59,0
DA:61,0
DA:64,0
DA:65,0
DA:66,0
DA:67,0
DA:68,0
DA:70,0
DA:71,0
DA:72,0
DA:73,0
DA:74,0
DA:75,0
DA:78,0
DA:79,0
DA:80,0
DA:81,0
DA:82,0
DA:83,0
DA:84,0
DA:85,0
DA:86,0
DA:87,0
DA:89,0
DA:93,0
DA:94,0
DA:95,0
DA:96,0
DA:97,0
DA:98,0
DA:99,0
DA:100,0
DA:101,0
DA:103,0
DA:107,0
DA:108,0
DA:109,0
DA:110,0
DA:111,0
DA:112,0
DA:113,0
DA:114,0
DA:115,0
DA:117,0
DA:121,0
DA:122,0
DA:123,0
DA:124,0
DA:125,0
DA:126,0
DA:127,0
DA:128,0
DA:129,0
DA:131,0
DA:134,0
DA:136,0
DA:138,0
DA:141,0
DA:142,0
DA:143,0
DA:144,0
DA:145,0
DA:146,0
DA:147,0
DA:148,0
DA:150,0
DA:154,0
DA:155,0
DA:156,0
DA:157,0
DA:158,0
DA:159,0
DA:160,0
DA:161,0
DA:162,0
DA:164,0
DA:167,0
DA:168,0
DA:174,0
DA:175,0
DA:176,0
DA:179,0
DA:180,0
DA:182,0
DA:183,0
DA:191,0
DA:194,0
DA:195,0
DA:196,0
DA:197,0
DA:209,0
DA:210,0
DA:211,0
DA:212,0
DA:213,0
DA:217,0
DA:220,0
DA:221,0
DA:222,0
DA:223,0
DA:231,0
DA:234,0
DA:235,0
DA:236,0
DA:246,0
DA:249,0
DA:251,5
LF:147
LH:2
BRDA:9,0,0,0
BRDA:9,0,1,0
BRDA:28,1,0,0
BRDA:28,1,1,0
BRDA:30,2,0,0
BRDA:30,2,1,0
BRDA:31,3,0,0
BRDA:31,3,1,0
BRDA:32,4,0,0
BRDA:32,4,1,0
BRDA:33,5,0,0
BRDA:33,5,1,0
BRDA:33,6,0,0
BRDA:33,6,1,0
BRDA:34,7,0,0
BRDA:34,7,1,0
BRDA:35,8,0,0
BRDA:35,8,1,0
BRDA:38,9,0,0
BRDA:38,9,1,0
BRDA:39,10,0,0
BRDA:39,10,1,0
BRDA:40,11,0,0
BRDA:40,11,1,0
BRDA:41,12,0,0
BRDA:41,12,1,0
BRDA:48,13,0,0
BRDA:48,13,1,0
BRDA:49,14,0,0
BRDA:49,14,1,0
BRDA:51,15,0,0
BRDA:51,15,1,0
BRDA:51,16,0,0
BRDA:51,16,1,0
BRDA:52,17,0,0
BRDA:52,17,1,0
BRDA:52,18,0,0
BRDA:52,18,1,0
BRDA:53,19,0,0
BRDA:53,19,1,0
BRDA:54,20,0,0
BRDA:54,20,1,0
BRDA:55,21,0,0
BRDA:55,21,1,0
BRDA:56,22,0,0
BRDA:56,22,1,0
BRDA:57,23,0,0
BRDA:57,23,1,0
BRDA:58,24,0,0
BRDA:58,24,1,0
BRDA:66,25,0,0
BRDA:66,25,1,0
BRDA:66,26,0,0
BRDA:66,26,1,0
BRDA:68,27,0,0
BRDA:68,27,1,0
BRDA:74,28,0,0
BRDA:74,28,1,0
BRDA:75,29,0,0
BRDA:75,29,1,0
BRDA:79,30,0,0
BRDA:79,30,1,0
BRDA:84,31,0,0
BRDA:84,31,1,0
BRDA:84,32,0,0
BRDA:84,32,1,0
BRDA:85,33,0,0
BRDA:85,33,1,0
BRDA:86,34,0,0
BRDA:86,34,1,0
BRDA:94,35,0,0
BRDA:94,35,1,0
BRDA:98,36,0,0
BRDA:98,36,1,0
BRDA:100,37,0,0
BRDA:100,37,1,0
BRDA:100,38,0,0
BRDA:100,38,1,0
BRDA:108,39,0,0
BRDA:108,39,1,0
BRDA:112,40,0,0
BRDA:112,40,1,0
BRDA:114,41,0,0
BRDA:114,41,1,0
BRDA:122,42,0,0
BRDA:122,42,1,0
BRDA:127,43,0,0
BRDA:127,43,1,0
BRDA:128,44,0,0
BRDA:128,44,1,0
BRDA:141,45,0,0
BRDA:141,45,1,0
BRDA:144,46,0,0
BRDA:144,46,1,0
BRDA:147,47,0,0
BRDA:147,47,1,0
BRDA:154,48,0,0
BRDA:154,48,1,0
BRDA:174,49,0,0
BRDA:174,49,1,0
BRDA:175,50,0,0
BRDA:175,50,1,0
BRDA:180,51,0,0
BRDA:180,51,1,0
BRDA:186,52,0,0
BRDA:186,52,1,0
BRDA:187,53,0,0
BRDA:187,53,1,0
BRDA:187,54,0,0
BRDA:187,54,1,0
BRDA:188,55,0,0
BRDA:188,55,1,0
BRDA:196,56,0,0
BRDA:196,56,1,0
BRDA:196,57,0,0
BRDA:196,57,1,0
BRDA:201,58,0,0
BRDA:201,58,1,0
BRDA:201,59,0,0
BRDA:201,59,1,0
BRDA:202,60,0,0
BRDA:202,60,1,0
BRDA:204,61,0,0
BRDA:204,61,1,0
BRDA:212,62,0,0
BRDA:212,62,1,0
BRDA:226,63,0,0
BRDA:226,63,1,0
BRDA:227,64,0,0
BRDA:227,64,1,0
BRDA:239,65,0,0
BRDA:239,65,1,0
BRDA:239,66,0,0
BRDA:239,66,1,0
BRDA:249,67,0,0
BRDA:249,67,1,0
BRF:136
BRH:0
end_of_record
